{"D:\\Event_Manager\\Backend\\Config\\db.ts": {"path":"D:\\Event_Manager\\Backend\\Config\\db.ts","statementMap":{"0":{"start":{"line":1,"column":0},"end":{"line":1,"column":32}},"1":{"start":{"line":2,"column":0},"end":{"line":2,"column":38}},"2":{"start":{"line":4,"column":32},"end":{"line":21,"column":2}},"3":{"start":{"line":4,"column":43},"end":{"line":21,"column":2}},"4":{"start":{"line":5,"column":28},"end":{"line":14,"column":4}},"5":{"start":{"line":5,"column":39},"end":{"line":14,"column":4}},"6":{"start":{"line":6,"column":4},"end":{"line":13,"column":5}},"7":{"start":{"line":7,"column":6},"end":{"line":7,"column":35}},"8":{"start":{"line":8,"column":6},"end":{"line":8,"column":18}},"9":{"start":{"line":10,"column":6},"end":{"line":10,"column":47}},"10":{"start":{"line":11,"column":6},"end":{"line":11,"column":76}},"11":{"start":{"line":12,"column":6},"end":{"line":12,"column":19}},"12":{"start":{"line":16,"column":27},"end":{"line":16,"column":52}},"13":{"start":{"line":18,"column":2},"end":{"line":20,"column":22}},"14":{"start":{"line":4,"column":13},"end":{"line":4,"column":32}}},"fnMap":{"0":{"name":"(anonymous_8)","decl":{"start":{"line":4,"column":32},"end":{"line":4,"column":41}},"loc":{"start":{"line":4,"column":43},"end":{"line":21,"column":2}}},"1":{"name":"(anonymous_9)","decl":{"start":{"line":4,"column":43},"end":{"line":4,"column":null}},"loc":{"start":{"line":4,"column":43},"end":{"line":21,"column":1}}},"2":{"name":"(anonymous_10)","decl":{"start":{"line":5,"column":28},"end":{"line":5,"column":37}},"loc":{"start":{"line":5,"column":39},"end":{"line":14,"column":4}}},"3":{"name":"(anonymous_11)","decl":{"start":{"line":5,"column":39},"end":{"line":5,"column":null}},"loc":{"start":{"line":5,"column":39},"end":{"line":14,"column":3}}}},"branchMap":{"0":{"loc":{"start":{"line":11,"column":20},"end":{"line":11,"column":74}},"type":"cond-expr","locations":[{"start":{"line":11,"column":45},"end":{"line":11,"column":58}},{"start":{"line":11,"column":61},"end":{"line":11,"column":74}}]},"1":{"loc":{"start":{"line":18,"column":2},"end":{"line":20,"column":21}},"type":"cond-expr","locations":[{"start":{"line":19,"column":6},"end":{"line":19,"column":49}},{"start":{"line":20,"column":6},"end":{"line":20,"column":21}}]}},"s":{"0":1,"1":1,"2":1,"3":2,"4":2,"5":2,"6":2,"7":2,"8":1,"9":1,"10":1,"11":1,"12":2,"13":2,"14":1},"f":{"0":2,"1":2,"2":2,"3":2},"b":{"0":[1,0],"1":[1,1]}}
,"D:\\Event_Manager\\Backend\\Controller\\eventController.ts": {"path":"D:\\Event_Manager\\Backend\\Controller\\eventController.ts","statementMap":{"0":{"start":{"line":2,"column":0},"end":{"line":2,"column":45}},"1":{"start":{"line":3,"column":0},"end":{"line":3,"column":43}},"2":{"start":{"line":7,"column":20},"end":{"line":34,"column":2}},"3":{"start":{"line":7,"column":73},"end":{"line":34,"column":2}},"4":{"start":{"line":8,"column":2},"end":{"line":33,"column":3}},"5":{"start":{"line":9,"column":79},"end":{"line":9,"column":87}},"6":{"start":{"line":11,"column":4},"end":{"line":14,"column":5}},"7":{"start":{"line":12,"column":6},"end":{"line":12,"column":78}},"8":{"start":{"line":13,"column":6},"end":{"line":13,"column":13}},"9":{"start":{"line":17,"column":18},"end":{"line":26,"column":6}},"10":{"start":{"line":28,"column":4},"end":{"line":28,"column":36}},"11":{"start":{"line":29,"column":4},"end":{"line":29,"column":32}},"12":{"start":{"line":31,"column":4},"end":{"line":31,"column":64}},"13":{"start":{"line":32,"column":4},"end":{"line":32,"column":77}},"14":{"start":{"line":37,"column":21},"end":{"line":46,"column":2}},"15":{"start":{"line":37,"column":75},"end":{"line":46,"column":2}},"16":{"start":{"line":38,"column":2},"end":{"line":45,"column":3}},"17":{"start":{"line":39,"column":19},"end":{"line":39,"column":39}},"18":{"start":{"line":40,"column":4},"end":{"line":40,"column":38}},"19":{"start":{"line":41,"column":4},"end":{"line":41,"column":33}},"20":{"start":{"line":43,"column":4},"end":{"line":43,"column":66}},"21":{"start":{"line":44,"column":4},"end":{"line":44,"column":79}},"22":{"start":{"line":48,"column":21},"end":{"line":61,"column":2}},"23":{"start":{"line":48,"column":74},"end":{"line":61,"column":2}},"24":{"start":{"line":49,"column":2},"end":{"line":60,"column":3}},"25":{"start":{"line":50,"column":18},"end":{"line":50,"column":53}},"26":{"start":{"line":51,"column":4},"end":{"line":54,"column":5}},"27":{"start":{"line":52,"column":6},"end":{"line":52,"column":59}},"28":{"start":{"line":53,"column":6},"end":{"line":53,"column":13}},"29":{"start":{"line":55,"column":4},"end":{"line":55,"column":38}},"30":{"start":{"line":56,"column":4},"end":{"line":56,"column":32}},"31":{"start":{"line":58,"column":4},"end":{"line":58,"column":66}},"32":{"start":{"line":59,"column":4},"end":{"line":59,"column":79}},"33":{"start":{"line":63,"column":26},"end":{"line":78,"column":2}},"34":{"start":{"line":63,"column":79},"end":{"line":78,"column":2}},"35":{"start":{"line":64,"column":2},"end":{"line":77,"column":3}},"36":{"start":{"line":65,"column":17},"end":{"line":65,"column":55}},"37":{"start":{"line":66,"column":4},"end":{"line":69,"column":5}},"38":{"start":{"line":67,"column":6},"end":{"line":67,"column":58}},"39":{"start":{"line":68,"column":6},"end":{"line":68,"column":13}},"40":{"start":{"line":71,"column":19},"end":{"line":71,"column":57}},"41":{"start":{"line":72,"column":4},"end":{"line":72,"column":47}},"42":{"start":{"line":73,"column":4},"end":{"line":73,"column":33}},"43":{"start":{"line":75,"column":4},"end":{"line":75,"column":71}},"44":{"start":{"line":76,"column":4},"end":{"line":76,"column":84}},"45":{"start":{"line":80,"column":24},"end":{"line":93,"column":2}},"46":{"start":{"line":80,"column":77},"end":{"line":93,"column":2}},"47":{"start":{"line":81,"column":2},"end":{"line":92,"column":3}},"48":{"start":{"line":82,"column":25},"end":{"line":82,"column":94}},"49":{"start":{"line":83,"column":4},"end":{"line":86,"column":5}},"50":{"start":{"line":84,"column":6},"end":{"line":84,"column":59}},"51":{"start":{"line":85,"column":6},"end":{"line":85,"column":13}},"52":{"start":{"line":87,"column":4},"end":{"line":87,"column":38}},"53":{"start":{"line":88,"column":4},"end":{"line":88,"column":39}},"54":{"start":{"line":90,"column":4},"end":{"line":90,"column":66}},"55":{"start":{"line":91,"column":4},"end":{"line":91,"column":79}},"56":{"start":{"line":95,"column":24},"end":{"line":108,"column":2}},"57":{"start":{"line":95,"column":77},"end":{"line":108,"column":2}},"58":{"start":{"line":96,"column":2},"end":{"line":107,"column":3}},"59":{"start":{"line":97,"column":25},"end":{"line":97,"column":69}},"60":{"start":{"line":98,"column":4},"end":{"line":101,"column":5}},"61":{"start":{"line":99,"column":6},"end":{"line":99,"column":59}},"62":{"start":{"line":100,"column":6},"end":{"line":100,"column":13}},"63":{"start":{"line":102,"column":4},"end":{"line":102,"column":38}},"64":{"start":{"line":103,"column":4},"end":{"line":103,"column":39}},"65":{"start":{"line":105,"column":4},"end":{"line":105,"column":66}},"66":{"start":{"line":106,"column":4},"end":{"line":106,"column":79}},"67":{"start":{"line":110,"column":0},"end":{"line":117,"column":2}}},"fnMap":{"0":{"name":"(anonymous_7)","decl":{"start":{"line":7,"column":20},"end":{"line":7,"column":27}},"loc":{"start":{"line":7,"column":73},"end":{"line":34,"column":2}}},"1":{"name":"(anonymous_8)","decl":{"start":{"line":7,"column":73},"end":{"line":7,"column":null}},"loc":{"start":{"line":7,"column":73},"end":{"line":34,"column":1}}},"2":{"name":"(anonymous_9)","decl":{"start":{"line":37,"column":21},"end":{"line":37,"column":28}},"loc":{"start":{"line":37,"column":75},"end":{"line":46,"column":2}}},"3":{"name":"(anonymous_10)","decl":{"start":{"line":37,"column":75},"end":{"line":37,"column":null}},"loc":{"start":{"line":37,"column":75},"end":{"line":46,"column":1}}},"4":{"name":"(anonymous_11)","decl":{"start":{"line":48,"column":21},"end":{"line":48,"column":28}},"loc":{"start":{"line":48,"column":74},"end":{"line":61,"column":2}}},"5":{"name":"(anonymous_12)","decl":{"start":{"line":48,"column":74},"end":{"line":48,"column":null}},"loc":{"start":{"line":48,"column":74},"end":{"line":61,"column":1}}},"6":{"name":"(anonymous_13)","decl":{"start":{"line":63,"column":26},"end":{"line":63,"column":33}},"loc":{"start":{"line":63,"column":79},"end":{"line":78,"column":2}}},"7":{"name":"(anonymous_14)","decl":{"start":{"line":63,"column":79},"end":{"line":63,"column":null}},"loc":{"start":{"line":63,"column":79},"end":{"line":78,"column":1}}},"8":{"name":"(anonymous_15)","decl":{"start":{"line":80,"column":24},"end":{"line":80,"column":31}},"loc":{"start":{"line":80,"column":77},"end":{"line":93,"column":2}}},"9":{"name":"(anonymous_16)","decl":{"start":{"line":80,"column":77},"end":{"line":80,"column":null}},"loc":{"start":{"line":80,"column":77},"end":{"line":93,"column":1}}},"10":{"name":"(anonymous_17)","decl":{"start":{"line":95,"column":24},"end":{"line":95,"column":31}},"loc":{"start":{"line":95,"column":77},"end":{"line":108,"column":2}}},"11":{"name":"(anonymous_18)","decl":{"start":{"line":95,"column":77},"end":{"line":95,"column":null}},"loc":{"start":{"line":95,"column":77},"end":{"line":108,"column":1}}}},"branchMap":{"0":{"loc":{"start":{"line":11,"column":4},"end":{"line":14,"column":5}},"type":"if","locations":[{"start":{"line":11,"column":4},"end":{"line":14,"column":5}}]},"1":{"loc":{"start":{"line":11,"column":8},"end":{"line":11,"column":82}},"type":"binary-expr","locations":[{"start":{"line":11,"column":8},"end":{"line":11,"column":11}},{"start":{"line":11,"column":15},"end":{"line":11,"column":21}},{"start":{"line":11,"column":25},"end":{"line":11,"column":37}},{"start":{"line":11,"column":41},"end":{"line":11,"column":51}},{"start":{"line":11,"column":55},"end":{"line":11,"column":64}},{"start":{"line":11,"column":68},"end":{"line":11,"column":73}},{"start":{"line":11,"column":77},"end":{"line":11,"column":82}}]},"2":{"loc":{"start":{"line":51,"column":4},"end":{"line":54,"column":5}},"type":"if","locations":[{"start":{"line":51,"column":4},"end":{"line":54,"column":5}}]},"3":{"loc":{"start":{"line":66,"column":4},"end":{"line":69,"column":5}},"type":"if","locations":[{"start":{"line":66,"column":4},"end":{"line":69,"column":5}}]},"4":{"loc":{"start":{"line":83,"column":4},"end":{"line":86,"column":5}},"type":"if","locations":[{"start":{"line":83,"column":4},"end":{"line":86,"column":5}}]},"5":{"loc":{"start":{"line":98,"column":4},"end":{"line":101,"column":5}},"type":"if","locations":[{"start":{"line":98,"column":4},"end":{"line":101,"column":5}}]}},"s":{"0":1,"1":1,"2":1,"3":3,"4":3,"5":3,"6":3,"7":2,"8":2,"9":1,"10":1,"11":1,"12":0,"13":0,"14":1,"15":0,"16":0,"17":0,"18":0,"19":0,"20":0,"21":0,"22":1,"23":0,"24":0,"25":0,"26":0,"27":0,"28":0,"29":0,"30":0,"31":0,"32":0,"33":1,"34":0,"35":0,"36":0,"37":0,"38":0,"39":0,"40":0,"41":0,"42":0,"43":0,"44":0,"45":1,"46":0,"47":0,"48":0,"49":0,"50":0,"51":0,"52":0,"53":0,"54":0,"55":0,"56":1,"57":0,"58":0,"59":0,"60":0,"61":0,"62":0,"63":0,"64":0,"65":0,"66":0,"67":1},"f":{"0":3,"1":3,"2":0,"3":0,"4":0,"5":0,"6":0,"7":0,"8":0,"9":0,"10":0,"11":0},"b":{"0":[2],"1":[3,1,1,1,1,1,1],"2":[0],"3":[0],"4":[0],"5":[0]}}
,"D:\\Event_Manager\\Backend\\Controller\\userController.ts": {"path":"D:\\Event_Manager\\Backend\\Controller\\userController.ts","statementMap":{"0":{"start":{"line":2,"column":0},"end":{"line":2,"column":31}},"1":{"start":{"line":3,"column":0},"end":{"line":3,"column":28}},"2":{"start":{"line":4,"column":0},"end":{"line":4,"column":43}},"3":{"start":{"line":5,"column":0},"end":{"line":5,"column":45}},"4":{"start":{"line":9,"column":19},"end":{"line":50,"column":2}},"5":{"start":{"line":9,"column":57},"end":{"line":50,"column":2}},"6":{"start":{"line":10,"column":2},"end":{"line":49,"column":3}},"7":{"start":{"line":11,"column":63},"end":{"line":11,"column":71}},"8":{"start":{"line":13,"column":4},"end":{"line":15,"column":5}},"9":{"start":{"line":14,"column":6},"end":{"line":14,"column":85}},"10":{"start":{"line":17,"column":23},"end":{"line":17,"column":52}},"11":{"start":{"line":18,"column":4},"end":{"line":20,"column":5}},"12":{"start":{"line":19,"column":6},"end":{"line":19,"column":71}},"13":{"start":{"line":22,"column":17},"end":{"line":22,"column":41}},"14":{"start":{"line":23,"column":27},"end":{"line":23,"column":60}},"15":{"start":{"line":25,"column":20},"end":{"line":32,"column":6}},"16":{"start":{"line":34,"column":18},"end":{"line":36,"column":6}},"17":{"start":{"line":38,"column":4},"end":{"line":43,"column":7}},"18":{"start":{"line":45,"column":4},"end":{"line":47,"column":5}},"19":{"start":{"line":46,"column":6},"end":{"line":46,"column":60}},"20":{"start":{"line":48,"column":4},"end":{"line":48,"column":76}},"21":{"start":{"line":53,"column":23},"end":{"line":74,"column":2}},"22":{"start":{"line":53,"column":76},"end":{"line":74,"column":2}},"23":{"start":{"line":54,"column":23},"end":{"line":54,"column":33}},"24":{"start":{"line":55,"column":23},"end":{"line":55,"column":31}},"25":{"start":{"line":57,"column":2},"end":{"line":73,"column":3}},"26":{"start":{"line":58,"column":24},"end":{"line":61,"column":null}},"27":{"start":{"line":64,"column":4},"end":{"line":67,"column":5}},"28":{"start":{"line":65,"column":6},"end":{"line":65,"column":58}},"29":{"start":{"line":66,"column":6},"end":{"line":66,"column":13}},"30":{"start":{"line":69,"column":4},"end":{"line":69,"column":80}},"31":{"start":{"line":71,"column":4},"end":{"line":71,"column":62}},"32":{"start":{"line":72,"column":4},"end":{"line":72,"column":71}},"33":{"start":{"line":77,"column":18},"end":{"line":108,"column":2}},"34":{"start":{"line":77,"column":56},"end":{"line":108,"column":2}},"35":{"start":{"line":78,"column":2},"end":{"line":107,"column":3}},"36":{"start":{"line":79,"column":35},"end":{"line":79,"column":43}},"37":{"start":{"line":81,"column":4},"end":{"line":83,"column":5}},"38":{"start":{"line":82,"column":6},"end":{"line":82,"column":85}},"39":{"start":{"line":85,"column":17},"end":{"line":85,"column":49}},"40":{"start":{"line":86,"column":4},"end":{"line":88,"column":5}},"41":{"start":{"line":87,"column":6},"end":{"line":87,"column":74}},"42":{"start":{"line":90,"column":20},"end":{"line":90,"column":65}},"43":{"start":{"line":91,"column":4},"end":{"line":93,"column":5}},"44":{"start":{"line":92,"column":6},"end":{"line":92,"column":72}},"45":{"start":{"line":95,"column":18},"end":{"line":97,"column":6}},"46":{"start":{"line":99,"column":4},"end":{"line":103,"column":7}},"47":{"start":{"line":105,"column":4},"end":{"line":105,"column":57}},"48":{"start":{"line":106,"column":4},"end":{"line":106,"column":70}},"49":{"start":{"line":110,"column":20},"end":{"line":118,"column":2}},"50":{"start":{"line":110,"column":58},"end":{"line":118,"column":2}},"51":{"start":{"line":111,"column":2},"end":{"line":117,"column":3}},"52":{"start":{"line":112,"column":18},"end":{"line":112,"column":37}},"53":{"start":{"line":113,"column":4},"end":{"line":113,"column":32}},"54":{"start":{"line":115,"column":4},"end":{"line":115,"column":59}},"55":{"start":{"line":116,"column":4},"end":{"line":116,"column":78}},"56":{"start":{"line":120,"column":20},"end":{"line":131,"column":2}},"57":{"start":{"line":120,"column":58},"end":{"line":131,"column":2}},"58":{"start":{"line":121,"column":2},"end":{"line":130,"column":3}},"59":{"start":{"line":122,"column":17},"end":{"line":122,"column":51}},"60":{"start":{"line":123,"column":4},"end":{"line":125,"column":5}},"61":{"start":{"line":124,"column":6},"end":{"line":124,"column":65}},"62":{"start":{"line":126,"column":4},"end":{"line":126,"column":31}},"63":{"start":{"line":128,"column":4},"end":{"line":128,"column":59}},"64":{"start":{"line":129,"column":4},"end":{"line":129,"column":79}},"65":{"start":{"line":132,"column":23},"end":{"line":169,"column":2}},"66":{"start":{"line":132,"column":76},"end":{"line":169,"column":2}},"67":{"start":{"line":133,"column":17},"end":{"line":133,"column":27}},"68":{"start":{"line":134,"column":61},"end":{"line":134,"column":69}},"69":{"start":{"line":137,"column":23},"end":{"line":137,"column":32}},"70":{"start":{"line":138,"column":2},"end":{"line":141,"column":3}},"71":{"start":{"line":139,"column":17},"end":{"line":139,"column":41}},"72":{"start":{"line":140,"column":4},"end":{"line":140,"column":55}},"73":{"start":{"line":143,"column":2},"end":{"line":168,"column":3}},"74":{"start":{"line":144,"column":24},"end":{"line":154,"column":6}},"75":{"start":{"line":156,"column":4},"end":{"line":159,"column":5}},"76":{"start":{"line":157,"column":6},"end":{"line":157,"column":58}},"77":{"start":{"line":158,"column":6},"end":{"line":158,"column":13}},"78":{"start":{"line":162,"column":45},"end":{"line":162,"column":67}},"79":{"start":{"line":162,"column":20},"end":{"line":162,"column":25}},"80":{"start":{"line":162,"column":40},"end":{"line":162,"column":45}},"81":{"start":{"line":164,"column":4},"end":{"line":164,"column":42}},"82":{"start":{"line":166,"column":4},"end":{"line":166,"column":62}},"83":{"start":{"line":167,"column":4},"end":{"line":167,"column":78}},"84":{"start":{"line":171,"column":23},"end":{"line":189,"column":2}},"85":{"start":{"line":171,"column":76},"end":{"line":189,"column":2}},"86":{"start":{"line":172,"column":17},"end":{"line":172,"column":27}},"87":{"start":{"line":174,"column":2},"end":{"line":188,"column":3}},"88":{"start":{"line":175,"column":24},"end":{"line":175,"column":56}},"89":{"start":{"line":177,"column":4},"end":{"line":180,"column":5}},"90":{"start":{"line":178,"column":6},"end":{"line":178,"column":58}},"91":{"start":{"line":179,"column":6},"end":{"line":179,"column":13}},"92":{"start":{"line":184,"column":4},"end":{"line":184,"column":79}},"93":{"start":{"line":186,"column":4},"end":{"line":186,"column":62}},"94":{"start":{"line":187,"column":4},"end":{"line":187,"column":73}},"95":{"start":{"line":190,"column":36},"end":{"line":209,"column":2}},"96":{"start":{"line":190,"column":93},"end":{"line":209,"column":2}},"97":{"start":{"line":191,"column":2},"end":{"line":208,"column":3}},"98":{"start":{"line":193,"column":25},"end":{"line":193,"column":35}},"99":{"start":{"line":196,"column":17},"end":{"line":196,"column":59}},"100":{"start":{"line":199,"column":4},"end":{"line":201,"column":5}},"101":{"start":{"line":200,"column":6},"end":{"line":200,"column":65}},"102":{"start":{"line":204,"column":4},"end":{"line":204,"column":45}},"103":{"start":{"line":206,"column":4},"end":{"line":206,"column":56}},"104":{"start":{"line":207,"column":4},"end":{"line":207,"column":82}},"105":{"start":{"line":190,"column":13},"end":{"line":190,"column":36}},"106":{"start":{"line":211,"column":29},"end":{"line":235,"column":2}},"107":{"start":{"line":211,"column":82},"end":{"line":235,"column":2}},"108":{"start":{"line":212,"column":32},"end":{"line":212,"column":42}},"109":{"start":{"line":214,"column":2},"end":{"line":234,"column":3}},"110":{"start":{"line":215,"column":26},"end":{"line":215,"column":43}},"111":{"start":{"line":216,"column":4},"end":{"line":219,"column":5}},"112":{"start":{"line":217,"column":6},"end":{"line":217,"column":60}},"113":{"start":{"line":218,"column":6},"end":{"line":218,"column":13}},"114":{"start":{"line":221,"column":17},"end":{"line":221,"column":66}},"115":{"start":{"line":223,"column":4},"end":{"line":226,"column":5}},"116":{"start":{"line":224,"column":6},"end":{"line":224,"column":58}},"117":{"start":{"line":225,"column":6},"end":{"line":225,"column":13}},"118":{"start":{"line":228,"column":24},"end":{"line":228,"column":77}},"119":{"start":{"line":228,"column":50},"end":{"line":228,"column":76}},"120":{"start":{"line":229,"column":4},"end":{"line":229,"column":38}},"121":{"start":{"line":232,"column":4},"end":{"line":232,"column":52}},"122":{"start":{"line":233,"column":4},"end":{"line":233,"column":76}},"123":{"start":{"line":211,"column":13},"end":{"line":211,"column":29}},"124":{"start":{"line":241,"column":0},"end":{"line":251,"column":2}}},"fnMap":{"0":{"name":"(anonymous_9)","decl":{"start":{"line":9,"column":19},"end":{"line":9,"column":26}},"loc":{"start":{"line":9,"column":57},"end":{"line":50,"column":2}}},"1":{"name":"(anonymous_10)","decl":{"start":{"line":9,"column":57},"end":{"line":9,"column":null}},"loc":{"start":{"line":9,"column":57},"end":{"line":50,"column":1}}},"2":{"name":"(anonymous_11)","decl":{"start":{"line":53,"column":23},"end":{"line":53,"column":30}},"loc":{"start":{"line":53,"column":76},"end":{"line":74,"column":2}}},"3":{"name":"(anonymous_12)","decl":{"start":{"line":53,"column":76},"end":{"line":53,"column":null}},"loc":{"start":{"line":53,"column":76},"end":{"line":74,"column":1}}},"4":{"name":"(anonymous_13)","decl":{"start":{"line":77,"column":18},"end":{"line":77,"column":25}},"loc":{"start":{"line":77,"column":56},"end":{"line":108,"column":2}}},"5":{"name":"(anonymous_14)","decl":{"start":{"line":77,"column":56},"end":{"line":77,"column":null}},"loc":{"start":{"line":77,"column":56},"end":{"line":108,"column":1}}},"6":{"name":"(anonymous_15)","decl":{"start":{"line":110,"column":20},"end":{"line":110,"column":27}},"loc":{"start":{"line":110,"column":58},"end":{"line":118,"column":2}}},"7":{"name":"(anonymous_16)","decl":{"start":{"line":110,"column":58},"end":{"line":110,"column":null}},"loc":{"start":{"line":110,"column":58},"end":{"line":118,"column":1}}},"8":{"name":"(anonymous_17)","decl":{"start":{"line":120,"column":20},"end":{"line":120,"column":27}},"loc":{"start":{"line":120,"column":58},"end":{"line":131,"column":2}}},"9":{"name":"(anonymous_18)","decl":{"start":{"line":120,"column":58},"end":{"line":120,"column":null}},"loc":{"start":{"line":120,"column":58},"end":{"line":131,"column":1}}},"10":{"name":"(anonymous_19)","decl":{"start":{"line":132,"column":23},"end":{"line":132,"column":30}},"loc":{"start":{"line":132,"column":76},"end":{"line":169,"column":2}}},"11":{"name":"(anonymous_20)","decl":{"start":{"line":132,"column":76},"end":{"line":132,"column":null}},"loc":{"start":{"line":132,"column":76},"end":{"line":169,"column":1}}},"12":{"name":"(anonymous_21)","decl":{"start":{"line":171,"column":23},"end":{"line":171,"column":30}},"loc":{"start":{"line":171,"column":76},"end":{"line":189,"column":2}}},"13":{"name":"(anonymous_22)","decl":{"start":{"line":171,"column":76},"end":{"line":171,"column":null}},"loc":{"start":{"line":171,"column":76},"end":{"line":189,"column":1}}},"14":{"name":"(anonymous_23)","decl":{"start":{"line":190,"column":36},"end":{"line":190,"column":43}},"loc":{"start":{"line":190,"column":93},"end":{"line":209,"column":2}}},"15":{"name":"(anonymous_24)","decl":{"start":{"line":190,"column":93},"end":{"line":190,"column":null}},"loc":{"start":{"line":190,"column":93},"end":{"line":209,"column":1}}},"16":{"name":"(anonymous_25)","decl":{"start":{"line":211,"column":29},"end":{"line":211,"column":36}},"loc":{"start":{"line":211,"column":82},"end":{"line":235,"column":2}}},"17":{"name":"(anonymous_26)","decl":{"start":{"line":211,"column":82},"end":{"line":211,"column":null}},"loc":{"start":{"line":211,"column":82},"end":{"line":235,"column":1}}},"18":{"name":"(anonymous_27)","decl":{"start":{"line":228,"column":41},"end":{"line":228,"column":46}},"loc":{"start":{"line":228,"column":50},"end":{"line":228,"column":76}}}},"branchMap":{"0":{"loc":{"start":{"line":13,"column":4},"end":{"line":15,"column":5}},"type":"if","locations":[{"start":{"line":13,"column":4},"end":{"line":15,"column":5}}]},"1":{"loc":{"start":{"line":13,"column":8},"end":{"line":13,"column":67}},"type":"binary-expr","locations":[{"start":{"line":13,"column":8},"end":{"line":13,"column":17}},{"start":{"line":13,"column":21},"end":{"line":13,"column":30}},{"start":{"line":13,"column":34},"end":{"line":13,"column":44}},{"start":{"line":13,"column":48},"end":{"line":13,"column":57}},{"start":{"line":13,"column":61},"end":{"line":13,"column":67}}]},"2":{"loc":{"start":{"line":18,"column":4},"end":{"line":20,"column":5}},"type":"if","locations":[{"start":{"line":18,"column":4},"end":{"line":20,"column":5}}]},"3":{"loc":{"start":{"line":34,"column":48},"end":{"line":34,"column":89}},"type":"binary-expr","locations":[{"start":{"line":34,"column":48},"end":{"line":34,"column":70}},{"start":{"line":34,"column":74},"end":{"line":34,"column":89}}]},"4":{"loc":{"start":{"line":45,"column":4},"end":{"line":47,"column":5}},"type":"if","locations":[{"start":{"line":45,"column":4},"end":{"line":47,"column":5}}]},"5":{"loc":{"start":{"line":64,"column":4},"end":{"line":67,"column":5}},"type":"if","locations":[{"start":{"line":64,"column":4},"end":{"line":67,"column":5}}]},"6":{"loc":{"start":{"line":81,"column":4},"end":{"line":83,"column":5}},"type":"if","locations":[{"start":{"line":81,"column":4},"end":{"line":83,"column":5}}]},"7":{"loc":{"start":{"line":81,"column":8},"end":{"line":81,"column":30}},"type":"binary-expr","locations":[{"start":{"line":81,"column":8},"end":{"line":81,"column":17}},{"start":{"line":81,"column":21},"end":{"line":81,"column":30}}]},"8":{"loc":{"start":{"line":86,"column":4},"end":{"line":88,"column":5}},"type":"if","locations":[{"start":{"line":86,"column":4},"end":{"line":88,"column":5}}]},"9":{"loc":{"start":{"line":91,"column":4},"end":{"line":93,"column":5}},"type":"if","locations":[{"start":{"line":91,"column":4},"end":{"line":93,"column":5}}]},"10":{"loc":{"start":{"line":95,"column":45},"end":{"line":95,"column":86}},"type":"binary-expr","locations":[{"start":{"line":95,"column":45},"end":{"line":95,"column":67}},{"start":{"line":95,"column":71},"end":{"line":95,"column":86}}]},"11":{"loc":{"start":{"line":123,"column":4},"end":{"line":125,"column":5}},"type":"if","locations":[{"start":{"line":123,"column":4},"end":{"line":125,"column":5}}]},"12":{"loc":{"start":{"line":138,"column":2},"end":{"line":141,"column":3}},"type":"if","locations":[{"start":{"line":138,"column":2},"end":{"line":141,"column":3}}]},"13":{"loc":{"start":{"line":147,"column":12},"end":{"line":147,"column":36}},"type":"binary-expr","locations":[{"start":{"line":147,"column":12},"end":{"line":147,"column":20}},{"start":{"line":147,"column":24},"end":{"line":147,"column":36}}]},"14":{"loc":{"start":{"line":148,"column":12},"end":{"line":148,"column":58}},"type":"binary-expr","locations":[{"start":{"line":148,"column":12},"end":{"line":148,"column":26}},{"start":{"line":148,"column":30},"end":{"line":148,"column":58}}]},"15":{"loc":{"start":{"line":149,"column":12},"end":{"line":149,"column":38}},"type":"binary-expr","locations":[{"start":{"line":149,"column":12},"end":{"line":149,"column":21}},{"start":{"line":149,"column":25},"end":{"line":149,"column":38}}]},"16":{"loc":{"start":{"line":150,"column":12},"end":{"line":150,"column":36}},"type":"binary-expr","locations":[{"start":{"line":150,"column":12},"end":{"line":150,"column":20}},{"start":{"line":150,"column":24},"end":{"line":150,"column":36}}]},"17":{"loc":{"start":{"line":151,"column":12},"end":{"line":151,"column":30}},"type":"binary-expr","locations":[{"start":{"line":151,"column":12},"end":{"line":151,"column":17}},{"start":{"line":151,"column":21},"end":{"line":151,"column":30}}]},"18":{"loc":{"start":{"line":156,"column":4},"end":{"line":159,"column":5}},"type":"if","locations":[{"start":{"line":156,"column":4},"end":{"line":159,"column":5}}]},"19":{"loc":{"start":{"line":177,"column":4},"end":{"line":180,"column":5}},"type":"if","locations":[{"start":{"line":177,"column":4},"end":{"line":180,"column":5}}]},"20":{"loc":{"start":{"line":199,"column":4},"end":{"line":201,"column":5}},"type":"if","locations":[{"start":{"line":199,"column":4},"end":{"line":201,"column":5}}]},"21":{"loc":{"start":{"line":216,"column":4},"end":{"line":219,"column":5}},"type":"if","locations":[{"start":{"line":216,"column":4},"end":{"line":219,"column":5}}]},"22":{"loc":{"start":{"line":223,"column":4},"end":{"line":226,"column":5}},"type":"if","locations":[{"start":{"line":223,"column":4},"end":{"line":226,"column":5}}]}},"s":{"0":1,"1":1,"2":1,"3":1,"4":1,"5":3,"6":3,"7":3,"8":3,"9":0,"10":3,"11":3,"12":1,"13":2,"14":2,"15":2,"16":1,"17":1,"18":1,"19":0,"20":1,"21":1,"22":0,"23":0,"24":0,"25":0,"26":0,"27":0,"28":0,"29":0,"30":0,"31":0,"32":0,"33":1,"34":0,"35":0,"36":0,"37":0,"38":0,"39":0,"40":0,"41":0,"42":0,"43":0,"44":0,"45":0,"46":0,"47":0,"48":0,"49":1,"50":0,"51":0,"52":0,"53":0,"54":0,"55":0,"56":1,"57":0,"58":0,"59":0,"60":0,"61":0,"62":0,"63":0,"64":0,"65":1,"66":0,"67":0,"68":0,"69":0,"70":0,"71":0,"72":0,"73":0,"74":0,"75":0,"76":0,"77":0,"78":0,"79":0,"80":0,"81":0,"82":0,"83":0,"84":1,"85":0,"86":0,"87":0,"88":0,"89":0,"90":0,"91":0,"92":0,"93":0,"94":0,"95":1,"96":0,"97":0,"98":0,"99":0,"100":0,"101":0,"102":0,"103":0,"104":0,"105":1,"106":1,"107":0,"108":0,"109":0,"110":0,"111":0,"112":0,"113":0,"114":0,"115":0,"116":0,"117":0,"118":0,"119":0,"120":0,"121":0,"122":0,"123":1,"124":1},"f":{"0":3,"1":3,"2":0,"3":0,"4":0,"5":0,"6":0,"7":0,"8":0,"9":0,"10":0,"11":0,"12":0,"13":0,"14":0,"15":0,"16":0,"17":0,"18":0},"b":{"0":[0],"1":[3,3,3,3,3],"2":[1],"3":[1,1],"4":[0],"5":[0],"6":[0],"7":[0,0],"8":[0],"9":[0],"10":[0,0],"11":[0],"12":[0],"13":[0,0],"14":[0,0],"15":[0,0],"16":[0,0],"17":[0,0],"18":[0],"19":[0],"20":[0],"21":[0],"22":[0]}}
,"D:\\Event_Manager\\Backend\\Models\\eventModel.ts": {"path":"D:\\Event_Manager\\Backend\\Models\\eventModel.ts","statementMap":{"0":{"start":{"line":1,"column":0},"end":{"line":1,"column":44}},"1":{"start":{"line":3,"column":20},"end":{"line":14,"column":2}},"2":{"start":{"line":16,"column":14},"end":{"line":16,"column":50}},"3":{"start":{"line":18,"column":9},"end":{"line":18,"column":14}}},"fnMap":{},"branchMap":{},"s":{"0":3,"1":3,"2":3,"3":3},"f":{},"b":{}}
,"D:\\Event_Manager\\Backend\\Models\\userModel.ts": {"path":"D:\\Event_Manager\\Backend\\Models\\userModel.ts","statementMap":{"0":{"start":{"line":1,"column":0},"end":{"line":1,"column":54}},"1":{"start":{"line":26,"column":27},"end":{"line":45,"column":2}},"2":{"start":{"line":48,"column":13},"end":{"line":48,"column":54}},"3":{"start":{"line":50,"column":9},"end":{"line":50,"column":13}}},"fnMap":{},"branchMap":{},"s":{"0":3,"1":3,"2":3,"3":3},"f":{},"b":{}}
,"D:\\Event_Manager\\Backend\\Utils\\config.ts": {"path":"D:\\Event_Manager\\Backend\\Utils\\config.ts","statementMap":{"0":{"start":{"line":1,"column":0},"end":{"line":1,"column":28}},"1":{"start":{"line":3,"column":0},"end":{"line":3,"column":16}},"2":{"start":{"line":5,"column":13},"end":{"line":5,"column":29}},"3":{"start":{"line":9,"column":9},"end":{"line":9,"column":13}},"4":{"start":{"line":6,"column":13},"end":{"line":6,"column":39}},"5":{"start":{"line":9,"column":15},"end":{"line":9,"column":18}}},"fnMap":{},"branchMap":{},"s":{"0":1,"1":1,"2":1,"3":1,"4":1,"5":1},"f":{},"b":{}}
}
