TN:
SF:Config\db.ts
FN:4,(anonymous_8)
FN:4,(anonymous_9)
FN:5,(anonymous_10)
FN:5,(anonymous_11)
FNF:4
FNH:4
FNDA:2,(anonymous_8)
FNDA:2,(anonymous_9)
FNDA:2,(anonymous_10)
FNDA:2,(anonymous_11)
DA:1,1
DA:2,1
DA:4,2
DA:5,2
DA:6,2
DA:7,2
DA:8,1
DA:10,1
DA:11,1
DA:12,1
DA:16,2
DA:18,2
LF:12
LH:12
BRDA:11,0,0,1
BRDA:11,0,1,0
BRDA:18,1,0,1
BRDA:18,1,1,1
BRF:4
BRH:3
end_of_record
TN:
SF:Controller\eventController.ts
FN:7,(anonymous_7)
FN:7,(anonymous_8)
FN:37,(anonymous_9)
FN:37,(anonymous_10)
FN:48,(anonymous_11)
FN:48,(anonymous_12)
FN:63,(anonymous_13)
FN:63,(anonymous_14)
FN:80,(anonymous_15)
FN:80,(anonymous_16)
FN:95,(anonymous_17)
FN:95,(anonymous_18)
FNF:12
FNH:2
FNDA:3,(anonymous_7)
FNDA:3,(anonymous_8)
FNDA:0,(anonymous_9)
FNDA:0,(anonymous_10)
FNDA:0,(anonymous_11)
FNDA:0,(anonymous_12)
FNDA:0,(anonymous_13)
FNDA:0,(anonymous_14)
FNDA:0,(anonymous_15)
FNDA:0,(anonymous_16)
FNDA:0,(anonymous_17)
FNDA:0,(anonymous_18)
DA:2,1
DA:3,1
DA:7,3
DA:8,3
DA:9,3
DA:11,3
DA:12,2
DA:13,2
DA:17,1
DA:28,1
DA:29,1
DA:31,0
DA:32,0
DA:37,1
DA:38,0
DA:39,0
DA:40,0
DA:41,0
DA:43,0
DA:44,0
DA:48,1
DA:49,0
DA:50,0
DA:51,0
DA:52,0
DA:53,0
DA:55,0
DA:56,0
DA:58,0
DA:59,0
DA:63,1
DA:64,0
DA:65,0
DA:66,0
DA:67,0
DA:68,0
DA:71,0
DA:72,0
DA:73,0
DA:75,0
DA:76,0
DA:80,1
DA:81,0
DA:82,0
DA:83,0
DA:84,0
DA:85,0
DA:87,0
DA:88,0
DA:90,0
DA:91,0
DA:95,1
DA:96,0
DA:97,0
DA:98,0
DA:99,0
DA:100,0
DA:102,0
DA:103,0
DA:105,0
DA:106,0
DA:110,1
LF:62
LH:17
BRDA:11,0,0,2
BRDA:11,1,0,3
BRDA:11,1,1,1
BRDA:11,1,2,1
BRDA:11,1,3,1
BRDA:11,1,4,1
BRDA:11,1,5,1
BRDA:11,1,6,1
BRDA:51,2,0,0
BRDA:66,3,0,0
BRDA:83,4,0,0
BRDA:98,5,0,0
BRF:12
BRH:8
end_of_record
TN:
SF:Controller\userController.ts
FN:9,(anonymous_9)
FN:9,(anonymous_10)
FN:53,(anonymous_11)
FN:53,(anonymous_12)
FN:77,(anonymous_13)
FN:77,(anonymous_14)
FN:110,(anonymous_15)
FN:110,(anonymous_16)
FN:120,(anonymous_17)
FN:120,(anonymous_18)
FN:132,(anonymous_19)
FN:132,(anonymous_20)
FN:171,(anonymous_21)
FN:171,(anonymous_22)
FN:190,(anonymous_23)
FN:190,(anonymous_24)
FN:211,(anonymous_25)
FN:211,(anonymous_26)
FN:228,(anonymous_27)
FNF:19
FNH:2
FNDA:3,(anonymous_9)
FNDA:3,(anonymous_10)
FNDA:0,(anonymous_11)
FNDA:0,(anonymous_12)
FNDA:0,(anonymous_13)
FNDA:0,(anonymous_14)
FNDA:0,(anonymous_15)
FNDA:0,(anonymous_16)
FNDA:0,(anonymous_17)
FNDA:0,(anonymous_18)
FNDA:0,(anonymous_19)
FNDA:0,(anonymous_20)
FNDA:0,(anonymous_21)
FNDA:0,(anonymous_22)
FNDA:0,(anonymous_23)
FNDA:0,(anonymous_24)
FNDA:0,(anonymous_25)
FNDA:0,(anonymous_26)
FNDA:0,(anonymous_27)
DA:2,1
DA:3,1
DA:4,1
DA:5,1
DA:9,3
DA:10,3
DA:11,3
DA:13,3
DA:14,0
DA:17,3
DA:18,3
DA:19,1
DA:22,2
DA:23,2
DA:25,2
DA:34,1
DA:38,1
DA:45,1
DA:46,0
DA:48,1
DA:53,1
DA:54,0
DA:55,0
DA:57,0
DA:58,0
DA:64,0
DA:65,0
DA:66,0
DA:69,0
DA:71,0
DA:72,0
DA:77,1
DA:78,0
DA:79,0
DA:81,0
DA:82,0
DA:85,0
DA:86,0
DA:87,0
DA:90,0
DA:91,0
DA:92,0
DA:95,0
DA:99,0
DA:105,0
DA:106,0
DA:110,1
DA:111,0
DA:112,0
DA:113,0
DA:115,0
DA:116,0
DA:120,1
DA:121,0
DA:122,0
DA:123,0
DA:124,0
DA:126,0
DA:128,0
DA:129,0
DA:132,1
DA:133,0
DA:134,0
DA:137,0
DA:138,0
DA:139,0
DA:140,0
DA:143,0
DA:144,0
DA:156,0
DA:157,0
DA:158,0
DA:162,0
DA:164,0
DA:166,0
DA:167,0
DA:171,1
DA:172,0
DA:174,0
DA:175,0
DA:177,0
DA:178,0
DA:179,0
DA:184,0
DA:186,0
DA:187,0
DA:190,1
DA:191,0
DA:193,0
DA:196,0
DA:199,0
DA:200,0
DA:204,0
DA:206,0
DA:207,0
DA:211,1
DA:212,0
DA:214,0
DA:215,0
DA:216,0
DA:217,0
DA:218,0
DA:221,0
DA:223,0
DA:224,0
DA:225,0
DA:228,0
DA:229,0
DA:232,0
DA:233,0
DA:241,1
LF:111
LH:27
BRDA:13,0,0,0
BRDA:13,1,0,3
BRDA:13,1,1,3
BRDA:13,1,2,3
BRDA:13,1,3,3
BRDA:13,1,4,3
BRDA:18,2,0,1
BRDA:34,3,0,1
BRDA:34,3,1,1
BRDA:45,4,0,0
BRDA:64,5,0,0
BRDA:81,6,0,0
BRDA:81,7,0,0
BRDA:81,7,1,0
BRDA:86,8,0,0
BRDA:91,9,0,0
BRDA:95,10,0,0
BRDA:95,10,1,0
BRDA:123,11,0,0
BRDA:138,12,0,0
BRDA:147,13,0,0
BRDA:147,13,1,0
BRDA:148,14,0,0
BRDA:148,14,1,0
BRDA:149,15,0,0
BRDA:149,15,1,0
BRDA:150,16,0,0
BRDA:150,16,1,0
BRDA:151,17,0,0
BRDA:151,17,1,0
BRDA:156,18,0,0
BRDA:177,19,0,0
BRDA:199,20,0,0
BRDA:216,21,0,0
BRDA:223,22,0,0
BRF:35
BRH:8
end_of_record
TN:
SF:Models\eventModel.ts
FNF:0
FNH:0
DA:1,3
DA:3,3
DA:16,3
DA:18,3
LF:4
LH:4
BRF:0
BRH:0
end_of_record
TN:
SF:Models\userModel.ts
FNF:0
FNH:0
DA:1,3
DA:26,3
DA:48,3
DA:50,3
LF:4
LH:4
BRF:0
BRH:0
end_of_record
TN:
SF:Utils\config.ts
FNF:0
FNH:0
DA:1,1
DA:3,1
DA:5,1
DA:6,1
DA:9,1
LF:5
LH:5
BRF:0
BRH:0
end_of_record
